# JRE version: OpenJDK Runtime Environment Temurin-22.0.2+9 (22.0.2+9) (build 22.0.2+9)
# Java VM: OpenJDK 64-Bit Server VM Temurin-22.0.2+9 (22.0.2+9, mixed mode, emulated-client, tiered, compressed oops, compressed class ptrs, g1 gc, windows-amd64)
GC Precious Log:
 CardTable entry size: 512
 Card Set container configuration: InlinePtr #cards 5 size 8 Array Of Cards #cards 12 size 40 Howl #buckets 4 coarsen threshold 1843 Howl Bitmap #cards 512 size 80 coarsen threshold 460 Card regions per heap region 1 cards per card region 2048
 CPUs: 12 total, 12 available
 Memory: 7541M
 Large Page Support: Disabled
 NUMA Support: Disabled
 Compressed Oops: Enabled (32-bit)
 Heap Region Size: 1M
 Heap Min Capacity: 8M
 Heap Initial Capacity: 118M
 Heap Max Capacity: 1886M
 Pre-touch: Disabled
 Parallel Workers: 10
 Concurrent Workers: 3
 Concurrent Refinement Workers: 10
 Periodic GC: Disabled
Heap:
 garbage-first heap   total reserved 1931264K, committed 102400K, used 61857K [0x000000008a200000, 0x0000000100000000)
  region size 1024K, 29 young (29696K), 1 survivors (1024K)
 Metaspace       used 85354K, committed 86464K, reserved 1179648K
  class space    used 11532K, committed 11968K, reserved 1048576K
GC Heap History (20 events):
Event: 566.996 GC heap before
{Heap before GC invocations=101 (full 0):
 garbage-first heap   total reserved 1931264K, committed 102400K, used 94562K [0x000000008a200000, 0x0000000100000000)
  region size 1024K, 60 young (61440K), 1 survivors (1024K)
 Metaspace       used 85353K, committed 86464K, reserved 1179648K
  class space    used 11531K, committed 11968K, reserved 1048576K
}
Event: 566.997 GC heap after
{Heap after GC invocations=102 (full 0):
 garbage-first heap   total reserved 1931264K, committed 102400K, used 34140K [0x000000008a200000, 0x0000000100000000)
  region size 1024K, 1 young (1024K), 1 survivors (1024K)
 Metaspace       used 85353K, committed 86464K, reserved 1179648K
  class space    used 11531K, committed 11968K, reserved 1048576K
}
Event: 572.491 GC heap before
{Heap before GC invocations=102 (full 0):
 garbage-first heap   total reserved 1931264K, committed 102400K, used 94556K [0x000000008a200000, 0x0000000100000000)
  region size 1024K, 60 young (61440K), 1 survivors (1024K)
 Metaspace       used 85353K, committed 86464K, reserved 1179648K
  class space    used 11531K, committed 11968K, reserved 1048576K
}
Event: 572.492 GC heap after
{Heap after GC invocations=103 (full 0):
 garbage-first heap   total reserved 1931264K, committed 102400K, used 34160K [0x000000008a200000, 0x0000000100000000)
  region size 1024K, 1 young (1024K), 1 survivors (1024K)
 Metaspace       used 85353K, committed 86464K, reserved 1179648K
  class space    used 11531K, committed 11968K, reserved 1048576K
}
Event: 577.695 GC heap before
{Heap before GC invocations=104 (full 0):
 garbage-first heap   total reserved 1931264K, committed 102400K, used 94576K [0x000000008a200000, 0x0000000100000000)
  region size 1024K, 60 young (61440K), 1 survivors (1024K)
 Metaspace       used 85353K, committed 86464K, reserved 1179648K
  class space    used 11531K, committed 11968K, reserved 1048576K
}
Event: 577.696 GC heap after
{Heap after GC invocations=105 (full 0):
 garbage-first heap   total reserved 1931264K, committed 102400K, used 34142K [0x000000008a200000, 0x0000000100000000)
  region size 1024K, 1 young (1024K), 1 survivors (1024K)
 Metaspace       used 85353K, committed 86464K, reserved 1179648K
  class space    used 11531K, committed 11968K, reserved 1048576K
}
Event: 582.665 GC heap before
{Heap before GC invocations=105 (full 0):
 garbage-first heap   total reserved 1931264K, committed 102400K, used 94558K [0x000000008a200000, 0x0000000100000000)
  region size 1024K, 60 young (61440K), 1 survivors (1024K)
 Metaspace       used 85353K, committed 86464K, reserved 1179648K
  class space    used 11531K, committed 11968K, reserved 1048576K
}
Event: 582.666 GC heap after
{Heap after GC invocations=106 (full 0):
 garbage-first heap   total reserved 1931264K, committed 102400K, used 34159K [0x000000008a200000, 0x0000000100000000)
  region size 1024K, 1 young (1024K), 1 survivors (1024K)
 Metaspace       used 85353K, committed 86464K, reserved 1179648K
  class space    used 11531K, committed 11968K, reserved 1048576K
}
Event: 587.288 GC heap before
{Heap before GC invocations=107 (full 0):
 garbage-first heap   total reserved 1931264K, committed 102400K, used 94575K [0x000000008a200000, 0x0000000100000000)
  region size 1024K, 60 young (61440K), 1 survivors (1024K)
 Metaspace       used 85353K, committed 86464K, reserved 1179648K
  class space    used 11531K, committed 11968K, reserved 1048576K
}
Event: 587.289 GC heap after
{Heap after GC invocations=108 (full 0):
 garbage-first heap   total reserved 1931264K, committed 102400K, used 34144K [0x000000008a200000, 0x0000000100000000)
  region size 1024K, 1 young (1024K), 1 survivors (1024K)
 Metaspace       used 85353K, committed 86464K, reserved 1179648K
  class space    used 11531K, committed 11968K, reserved 1048576K
}
Event: 591.925 GC heap before
{Heap before GC invocations=108 (full 0):
 garbage-first heap   total reserved 1931264K, committed 102400K, used 94560K [0x000000008a200000, 0x0000000100000000)
  region size 1024K, 60 young (61440K), 1 survivors (1024K)
 Metaspace       used 85353K, committed 86464K, reserved 1179648K
  class space    used 11531K, committed 11968K, reserved 1048576K
}
Event: 591.926 GC heap after
{Heap after GC invocations=109 (full 0):
 garbage-first heap   total reserved 1931264K, committed 102400K, used 34148K [0x000000008a200000, 0x0000000100000000)
  region size 1024K, 1 young (1024K), 1 survivors (1024K)
 Metaspace       used 85353K, committed 86464K, reserved 1179648K
  class space    used 11531K, committed 11968K, reserved 1048576K
}
Event: 596.448 GC heap before
{Heap before GC invocations=110 (full 0):
 garbage-first heap   total reserved 1931264K, committed 102400K, used 94564K [0x000000008a200000, 0x0000000100000000)
  region size 1024K, 60 young (61440K), 1 survivors (1024K)
 Metaspace       used 85353K, committed 86464K, reserved 1179648K
  class space    used 11531K, committed 11968K, reserved 1048576K
}
Event: 596.450 GC heap after
{Heap after GC invocations=111 (full 0):
 garbage-first heap   total reserved 1931264K, committed 102400K, used 34155K [0x000000008a200000, 0x0000000100000000)
  region size 1024K, 1 young (1024K), 1 survivors (1024K)
 Metaspace       used 85353K, committed 86464K, reserved 1179648K
  class space    used 11531K, committed 11968K, reserved 1048576K
}
Event: 600.809 GC heap before
{Heap before GC invocations=111 (full 0):
 garbage-first heap   total reserved 1931264K, committed 102400K, used 94571K [0x000000008a200000, 0x0000000100000000)
  region size 1024K, 60 young (61440K), 1 survivors (1024K)
 Metaspace       used 85353K, committed 86464K, reserved 1179648K
  class space    used 11531K, committed 11968K, reserved 1048576K
}
Event: 600.811 GC heap after
{Heap after GC invocations=112 (full 0):
 garbage-first heap   total reserved 1931264K, committed 102400K, used 34159K [0x000000008a200000, 0x0000000100000000)
  region size 1024K, 1 young (1024K), 1 survivors (1024K)
 Metaspace       used 85353K, committed 86464K, reserved 1179648K
  class space    used 11531K, committed 11968K, reserved 1048576K
}
Event: 605.347 GC heap before
{Heap before GC invocations=113 (full 0):
 garbage-first heap   total reserved 1931264K, committed 102400K, used 94575K [0x000000008a200000, 0x0000000100000000)
  region size 1024K, 60 young (61440K), 1 survivors (1024K)
 Metaspace       used 85353K, committed 86464K, reserved 1179648K
  class space    used 11531K, committed 11968K, reserved 1048576K
}
Event: 605.348 GC heap after
{Heap after GC invocations=114 (full 0):
 garbage-first heap   total reserved 1931264K, committed 102400K, used 34188K [0x000000008a200000, 0x0000000100000000)
  region size 1024K, 1 young (1024K), 1 survivors (1024K)
 Metaspace       used 85353K, committed 86464K, reserved 1179648K
  class space    used 11531K, committed 11968K, reserved 1048576K
}
Event: 609.991 GC heap before
{Heap before GC invocations=114 (full 0):
 garbage-first heap   total reserved 1931264K, committed 102400K, used 94604K [0x000000008a200000, 0x0000000100000000)
  region size 1024K, 60 young (61440K), 1 survivors (1024K)
 Metaspace       used 85353K, committed 86464K, reserved 1179648K
  class space    used 11531K, committed 11968K, reserved 1048576K
}
Event: 609.992 GC heap after
{Heap after GC invocations=115 (full 0):
 garbage-first heap   total reserved 1931264K, committed 102400K, used 34209K [0x000000008a200000, 0x0000000100000000)
  region size 1024K, 1 young (1024K), 1 survivors (1024K)
 Metaspace       used 85353K, committed 86464K, reserved 1179648K
  class space    used 11531K, committed 11968K, reserved 1048576K
}

